Performing C++ SOURCE FILE Test CMAKE_HAVE_LIBC_PTHREAD failed with the following output:
Change Dir: /home/pdell/dev/viz3d/glog/src/glog-build/CMakeFiles/CMakeTmp

Run Build Command(s):/usr/bin/make -f Makefile cmTC_304af/fast && make[3]: Entering directory '/home/pdell/dev/viz3d/glog/src/glog-build/CMakeFiles/CMakeTmp'
/usr/bin/make  -f CMakeFiles/cmTC_304af.dir/build.make CMakeFiles/cmTC_304af.dir/build
make[4]: Entering directory '/home/pdell/dev/viz3d/glog/src/glog-build/CMakeFiles/CMakeTmp'
Building CXX object CMakeFiles/cmTC_304af.dir/src.cxx.o
/usr/bin/c++ -DCMAKE_HAVE_LIBC_PTHREAD   -o CMakeFiles/cmTC_304af.dir/src.cxx.o -c /home/pdell/dev/viz3d/glog/src/glog-build/CMakeFiles/CMakeTmp/src.cxx
Linking CXX executable cmTC_304af
/usr/bin/cmake -E cmake_link_script CMakeFiles/cmTC_304af.dir/link.txt --verbose=1
/usr/bin/c++ -rdynamic CMakeFiles/cmTC_304af.dir/src.cxx.o -o cmTC_304af 
CMakeFiles/cmTC_304af.dir/src.cxx.o: In function `main':
src.cxx:(.text+0x3e): undefined reference to `pthread_create'
src.cxx:(.text+0x4a): undefined reference to `pthread_detach'
src.cxx:(.text+0x56): undefined reference to `pthread_cancel'
src.cxx:(.text+0x67): undefined reference to `pthread_join'
src.cxx:(.text+0x7b): undefined reference to `pthread_atfork'
collect2: error: ld returned 1 exit status
CMakeFiles/cmTC_304af.dir/build.make:98: recipe for target 'cmTC_304af' failed
make[4]: *** [cmTC_304af] Error 1
make[4]: Leaving directory '/home/pdell/dev/viz3d/glog/src/glog-build/CMakeFiles/CMakeTmp'
Makefile:127: recipe for target 'cmTC_304af/fast' failed
make[3]: *** [cmTC_304af/fast] Error 2
make[3]: Leaving directory '/home/pdell/dev/viz3d/glog/src/glog-build/CMakeFiles/CMakeTmp'


Source file was:
#include <pthread.h>

static void* test_func(void* data)
{
  return data;
}

int main(void)
{
  pthread_t thread;
  pthread_create(&thread, NULL, test_func, NULL);
  pthread_detach(thread);
  pthread_cancel(thread);
  pthread_join(thread, NULL);
  pthread_atfork(NULL, NULL, NULL);
  pthread_exit(NULL);

  return 0;
}

Determining if the function pthread_create exists in the pthreads failed with the following output:
Change Dir: /home/pdell/dev/viz3d/glog/src/glog-build/CMakeFiles/CMakeTmp

Run Build Command(s):/usr/bin/make -f Makefile cmTC_73cf0/fast && make[3]: Entering directory '/home/pdell/dev/viz3d/glog/src/glog-build/CMakeFiles/CMakeTmp'
/usr/bin/make  -f CMakeFiles/cmTC_73cf0.dir/build.make CMakeFiles/cmTC_73cf0.dir/build
make[4]: Entering directory '/home/pdell/dev/viz3d/glog/src/glog-build/CMakeFiles/CMakeTmp'
Building CXX object CMakeFiles/cmTC_73cf0.dir/CheckFunctionExists.cxx.o
/usr/bin/c++   -DCHECK_FUNCTION_EXISTS=pthread_create -o CMakeFiles/cmTC_73cf0.dir/CheckFunctionExists.cxx.o -c /home/pdell/dev/viz3d/glog/src/glog-build/CMakeFiles/CheckLibraryExists/CheckFunctionExists.cxx
Linking CXX executable cmTC_73cf0
/usr/bin/cmake -E cmake_link_script CMakeFiles/cmTC_73cf0.dir/link.txt --verbose=1
/usr/bin/c++  -DCHECK_FUNCTION_EXISTS=pthread_create -rdynamic CMakeFiles/cmTC_73cf0.dir/CheckFunctionExists.cxx.o -o cmTC_73cf0  -lpthreads 
/usr/bin/ld: cannot find -lpthreads
collect2: error: ld returned 1 exit status
CMakeFiles/cmTC_73cf0.dir/build.make:98: recipe for target 'cmTC_73cf0' failed
make[4]: *** [cmTC_73cf0] Error 1
make[4]: Leaving directory '/home/pdell/dev/viz3d/glog/src/glog-build/CMakeFiles/CMakeTmp'
Makefile:127: recipe for target 'cmTC_73cf0/fast' failed
make[3]: *** [cmTC_73cf0/fast] Error 2
make[3]: Leaving directory '/home/pdell/dev/viz3d/glog/src/glog-build/CMakeFiles/CMakeTmp'



Determining size of unsigned __int16 failed with the following output:
Change Dir: /home/pdell/dev/viz3d/glog/src/glog-build/CMakeFiles/CMakeTmp

Run Build Command(s):/usr/bin/make -f Makefile cmTC_c3040/fast && make[3]: Entering directory '/home/pdell/dev/viz3d/glog/src/glog-build/CMakeFiles/CMakeTmp'
/usr/bin/make  -f CMakeFiles/cmTC_c3040.dir/build.make CMakeFiles/cmTC_c3040.dir/build
make[4]: Entering directory '/home/pdell/dev/viz3d/glog/src/glog-build/CMakeFiles/CMakeTmp'
Building CXX object CMakeFiles/cmTC_c3040.dir/HAVE___UINT16.cpp.o
/usr/bin/c++    -o CMakeFiles/cmTC_c3040.dir/HAVE___UINT16.cpp.o -c /home/pdell/dev/viz3d/glog/src/glog-build/CMakeFiles/CheckTypeSize/HAVE___UINT16.cpp
/home/pdell/dev/viz3d/glog/src/glog-build/CMakeFiles/CheckTypeSize/HAVE___UINT16.cpp:27:22: error: expected primary-expression before ‘unsigned’
   27 | #define SIZE (sizeof(unsigned __int16))
      |                      ^~~~~~~~
/home/pdell/dev/viz3d/glog/src/glog-build/CMakeFiles/CheckTypeSize/HAVE___UINT16.cpp:29:12: note: in expansion of macro ‘SIZE’
   29 |   ('0' + ((SIZE / 10000)%10)),
      |            ^~~~
/home/pdell/dev/viz3d/glog/src/glog-build/CMakeFiles/CheckTypeSize/HAVE___UINT16.cpp:27:22: error: expected ‘)’ before ‘unsigned’
   27 | #define SIZE (sizeof(unsigned __int16))
      |                     ~^~~~~~~~
/home/pdell/dev/viz3d/glog/src/glog-build/CMakeFiles/CheckTypeSize/HAVE___UINT16.cpp:29:12: note: in expansion of macro ‘SIZE’
   29 |   ('0' + ((SIZE / 10000)%10)),
      |            ^~~~
/home/pdell/dev/viz3d/glog/src/glog-build/CMakeFiles/CheckTypeSize/HAVE___UINT16.cpp:38:7: error: expected ‘)’ before ‘}’ token
   38 |   '\0'};
      |       ^
      |       )
/home/pdell/dev/viz3d/glog/src/glog-build/CMakeFiles/CheckTypeSize/HAVE___UINT16.cpp:27:14: note: to match this ‘(’
   27 | #define SIZE (sizeof(unsigned __int16))
      |              ^
/home/pdell/dev/viz3d/glog/src/glog-build/CMakeFiles/CheckTypeSize/HAVE___UINT16.cpp:29:12: note: in expansion of macro ‘SIZE’
   29 |   ('0' + ((SIZE / 10000)%10)),
      |            ^~~~
/home/pdell/dev/viz3d/glog/src/glog-build/CMakeFiles/CheckTypeSize/HAVE___UINT16.cpp:38:7: error: expected ‘)’ before ‘}’ token
   38 |   '\0'};
      |       ^
      |       )
/home/pdell/dev/viz3d/glog/src/glog-build/CMakeFiles/CheckTypeSize/HAVE___UINT16.cpp:29:11: note: to match this ‘(’
   29 |   ('0' + ((SIZE / 10000)%10)),
      |           ^
/home/pdell/dev/viz3d/glog/src/glog-build/CMakeFiles/CheckTypeSize/HAVE___UINT16.cpp:38:7: error: expected ‘)’ before ‘}’ token
   38 |   '\0'};
      |       ^
      |       )
/home/pdell/dev/viz3d/glog/src/glog-build/CMakeFiles/CheckTypeSize/HAVE___UINT16.cpp:29:10: note: to match this ‘(’
   29 |   ('0' + ((SIZE / 10000)%10)),
      |          ^
/home/pdell/dev/viz3d/glog/src/glog-build/CMakeFiles/CheckTypeSize/HAVE___UINT16.cpp:38:7: error: expected ‘)’ before ‘}’ token
   38 |   '\0'};
      |       ^
      |       )
/home/pdell/dev/viz3d/glog/src/glog-build/CMakeFiles/CheckTypeSize/HAVE___UINT16.cpp:29:3: note: to match this ‘(’
   29 |   ('0' + ((SIZE / 10000)%10)),
      |   ^
CMakeFiles/cmTC_c3040.dir/build.make:77: recipe for target 'CMakeFiles/cmTC_c3040.dir/HAVE___UINT16.cpp.o' failed
make[4]: *** [CMakeFiles/cmTC_c3040.dir/HAVE___UINT16.cpp.o] Error 1
make[4]: Leaving directory '/home/pdell/dev/viz3d/glog/src/glog-build/CMakeFiles/CMakeTmp'
Makefile:127: recipe for target 'cmTC_c3040/fast' failed
make[3]: *** [cmTC_c3040/fast] Error 2
make[3]: Leaving directory '/home/pdell/dev/viz3d/glog/src/glog-build/CMakeFiles/CMakeTmp'


/home/pdell/dev/viz3d/glog/src/glog-build/CMakeFiles/CheckTypeSize/HAVE___UINT16.cpp:
#include <sys/types.h>
#include <stdint.h>
#include <stddef.h>


#undef KEY
#if defined(__i386)
# define KEY '_','_','i','3','8','6'
#elif defined(__x86_64)
# define KEY '_','_','x','8','6','_','6','4'
#elif defined(__PPC64__)
# define KEY '_','_','P','P','C','6','4','_','_'
#elif defined(__ppc64__)
# define KEY '_','_','p','p','c','6','4','_','_'
#elif defined(__PPC__)
# define KEY '_','_','P','P','C','_','_'
#elif defined(__ppc__)
# define KEY '_','_','p','p','c','_','_'
#elif defined(__aarch64__)
# define KEY '_','_','a','a','r','c','h','6','4','_','_'
#elif defined(__ARM_ARCH_7A__)
# define KEY '_','_','A','R','M','_','A','R','C','H','_','7','A','_','_'
#elif defined(__ARM_ARCH_7S__)
# define KEY '_','_','A','R','M','_','A','R','C','H','_','7','S','_','_'
#endif

#define SIZE (sizeof(unsigned __int16))
static char info_size[] =  {'I', 'N', 'F', 'O', ':', 's','i','z','e','[',
  ('0' + ((SIZE / 10000)%10)),
  ('0' + ((SIZE / 1000)%10)),
  ('0' + ((SIZE / 100)%10)),
  ('0' + ((SIZE / 10)%10)),
  ('0' +  (SIZE    % 10)),
  ']',
#ifdef KEY
  ' ','k','e','y','[', KEY, ']',
#endif
  '\0'};

#ifdef __CLASSIC_C__
int main(argc, argv) int argc; char *argv[];
#else
int main(int argc, char *argv[])
#endif
{
  int require = 0;
  require += info_size[argc];
  (void)argv;
  return require;
}


Determining if the function dladdr exists failed with the following output:
Change Dir: /home/pdell/dev/viz3d/glog/src/glog-build/CMakeFiles/CMakeTmp

Run Build Command(s):/usr/bin/make -f Makefile cmTC_6253e/fast && make[3]: Entering directory '/home/pdell/dev/viz3d/glog/src/glog-build/CMakeFiles/CMakeTmp'
/usr/bin/make  -f CMakeFiles/cmTC_6253e.dir/build.make CMakeFiles/cmTC_6253e.dir/build
make[4]: Entering directory '/home/pdell/dev/viz3d/glog/src/glog-build/CMakeFiles/CMakeTmp'
Building CXX object CMakeFiles/cmTC_6253e.dir/CheckFunctionExists.cxx.o
/usr/bin/c++   -DCHECK_FUNCTION_EXISTS=dladdr -o CMakeFiles/cmTC_6253e.dir/CheckFunctionExists.cxx.o -c /home/pdell/dev/viz3d/glog/src/glog-build/CMakeFiles/CheckFunctionExists/CheckFunctionExists.cxx
Linking CXX executable cmTC_6253e
/usr/bin/cmake -E cmake_link_script CMakeFiles/cmTC_6253e.dir/link.txt --verbose=1
/usr/bin/c++  -DCHECK_FUNCTION_EXISTS=dladdr -rdynamic CMakeFiles/cmTC_6253e.dir/CheckFunctionExists.cxx.o -o cmTC_6253e 
CMakeFiles/cmTC_6253e.dir/CheckFunctionExists.cxx.o: In function `main':
CheckFunctionExists.cxx:(.text+0x10): undefined reference to `dladdr'
collect2: error: ld returned 1 exit status
CMakeFiles/cmTC_6253e.dir/build.make:98: recipe for target 'cmTC_6253e' failed
make[4]: *** [cmTC_6253e] Error 1
make[4]: Leaving directory '/home/pdell/dev/viz3d/glog/src/glog-build/CMakeFiles/CMakeTmp'
Makefile:127: recipe for target 'cmTC_6253e/fast' failed
make[3]: *** [cmTC_6253e/fast] Error 2
make[3]: Leaving directory '/home/pdell/dev/viz3d/glog/src/glog-build/CMakeFiles/CMakeTmp'



Performing C++ SOURCE FILE Test HAVE_NO_UNNAMED_TYPE_TEMPLATE_ARGS failed with the following output:
Change Dir: /home/pdell/dev/viz3d/glog/src/glog-build/CMakeFiles/CMakeTmp

Run Build Command(s):/usr/bin/make -f Makefile cmTC_9844b/fast && make[3]: Entering directory '/home/pdell/dev/viz3d/glog/src/glog-build/CMakeFiles/CMakeTmp'
/usr/bin/make  -f CMakeFiles/cmTC_9844b.dir/build.make CMakeFiles/cmTC_9844b.dir/build
make[4]: Entering directory '/home/pdell/dev/viz3d/glog/src/glog-build/CMakeFiles/CMakeTmp'
Building CXX object CMakeFiles/cmTC_9844b.dir/src.cxx.o
/usr/bin/c++ -DHAVE_NO_UNNAMED_TYPE_TEMPLATE_ARGS  -Wunnamed-type-template-args -o CMakeFiles/cmTC_9844b.dir/src.cxx.o -c /home/pdell/dev/viz3d/glog/src/glog-build/CMakeFiles/CMakeTmp/src.cxx
c++: error: unrecognized command line option '-Wunnamed-type-template-args'
CMakeFiles/cmTC_9844b.dir/build.make:77: recipe for target 'CMakeFiles/cmTC_9844b.dir/src.cxx.o' failed
make[4]: *** [CMakeFiles/cmTC_9844b.dir/src.cxx.o] Error 1
make[4]: Leaving directory '/home/pdell/dev/viz3d/glog/src/glog-build/CMakeFiles/CMakeTmp'
Makefile:127: recipe for target 'cmTC_9844b/fast' failed
make[3]: *** [cmTC_9844b/fast] Error 2
make[3]: Leaving directory '/home/pdell/dev/viz3d/glog/src/glog-build/CMakeFiles/CMakeTmp'


Source file was:
int main() { return 0; }
Determining if the function UnDecorateSymbolName exists in the dbghelp failed with the following output:
Change Dir: /home/pdell/dev/viz3d/glog/src/glog-build/CMakeFiles/CMakeTmp

Run Build Command(s):/usr/bin/make -f Makefile cmTC_4ba70/fast && make[3]: Entering directory '/home/pdell/dev/viz3d/glog/src/glog-build/CMakeFiles/CMakeTmp'
/usr/bin/make  -f CMakeFiles/cmTC_4ba70.dir/build.make CMakeFiles/cmTC_4ba70.dir/build
make[4]: Entering directory '/home/pdell/dev/viz3d/glog/src/glog-build/CMakeFiles/CMakeTmp'
Building CXX object CMakeFiles/cmTC_4ba70.dir/CheckFunctionExists.cxx.o
/usr/bin/c++   -DCHECK_FUNCTION_EXISTS=UnDecorateSymbolName -o CMakeFiles/cmTC_4ba70.dir/CheckFunctionExists.cxx.o -c /home/pdell/dev/viz3d/glog/src/glog-build/CMakeFiles/CheckLibraryExists/CheckFunctionExists.cxx
Linking CXX executable cmTC_4ba70
/usr/bin/cmake -E cmake_link_script CMakeFiles/cmTC_4ba70.dir/link.txt --verbose=1
/usr/bin/c++  -DCHECK_FUNCTION_EXISTS=UnDecorateSymbolName -rdynamic CMakeFiles/cmTC_4ba70.dir/CheckFunctionExists.cxx.o -o cmTC_4ba70  -ldbghelp 
/usr/bin/ld: cannot find -ldbghelp
collect2: error: ld returned 1 exit status
CMakeFiles/cmTC_4ba70.dir/build.make:98: recipe for target 'cmTC_4ba70' failed
make[4]: *** [cmTC_4ba70] Error 1
make[4]: Leaving directory '/home/pdell/dev/viz3d/glog/src/glog-build/CMakeFiles/CMakeTmp'
Makefile:127: recipe for target 'cmTC_4ba70/fast' failed
make[3]: *** [cmTC_4ba70/fast] Error 2
make[3]: Leaving directory '/home/pdell/dev/viz3d/glog/src/glog-build/CMakeFiles/CMakeTmp'



Performing C++ SOURCE FILE Test HAVE_RWLOCK failed with the following output:
Change Dir: /home/pdell/dev/viz3d/glog/src/glog-build/CMakeFiles/CMakeTmp

Run Build Command(s):/usr/bin/make -f Makefile cmTC_10a87/fast && make[3]: Entering directory '/home/pdell/dev/viz3d/glog/src/glog-build/CMakeFiles/CMakeTmp'
/usr/bin/make  -f CMakeFiles/cmTC_10a87.dir/build.make CMakeFiles/cmTC_10a87.dir/build
make[4]: Entering directory '/home/pdell/dev/viz3d/glog/src/glog-build/CMakeFiles/CMakeTmp'
Building CXX object CMakeFiles/cmTC_10a87.dir/src.cxx.o
/usr/bin/c++ -DHAVE_RWLOCK   -o CMakeFiles/cmTC_10a87.dir/src.cxx.o -c /home/pdell/dev/viz3d/glog/src/glog-build/CMakeFiles/CMakeTmp/src.cxx
Linking CXX executable cmTC_10a87
/usr/bin/cmake -E cmake_link_script CMakeFiles/cmTC_10a87.dir/link.txt --verbose=1
/usr/bin/c++ -rdynamic CMakeFiles/cmTC_10a87.dir/src.cxx.o -o cmTC_10a87 
CMakeFiles/cmTC_10a87.dir/src.cxx.o: In function `main':
src.cxx:(.text+0x24): undefined reference to `pthread_rwlock_init'
src.cxx:(.text+0x30): undefined reference to `pthread_rwlock_rdlock'
collect2: error: ld returned 1 exit status
CMakeFiles/cmTC_10a87.dir/build.make:98: recipe for target 'cmTC_10a87' failed
make[4]: *** [cmTC_10a87] Error 1
make[4]: Leaving directory '/home/pdell/dev/viz3d/glog/src/glog-build/CMakeFiles/CMakeTmp'
Makefile:127: recipe for target 'cmTC_10a87/fast' failed
make[3]: *** [cmTC_10a87/fast] Error 2
make[3]: Leaving directory '/home/pdell/dev/viz3d/glog/src/glog-build/CMakeFiles/CMakeTmp'


Source file was:

#define _XOPEN_SOURCE 500
#include <pthread.h>
int main(void)
{
  pthread_rwlock_t l;
  pthread_rwlock_init(&l, NULL);
  pthread_rwlock_rdlock(&l);
  return 0;
}

Performing C++ SOURCE FILE Test HAVE___DECLSPEC failed with the following output:
Change Dir: /home/pdell/dev/viz3d/glog/src/glog-build/CMakeFiles/CMakeTmp

Run Build Command(s):/usr/bin/make -f Makefile cmTC_b1d28/fast && make[3]: Entering directory '/home/pdell/dev/viz3d/glog/src/glog-build/CMakeFiles/CMakeTmp'
/usr/bin/make  -f CMakeFiles/cmTC_b1d28.dir/build.make CMakeFiles/cmTC_b1d28.dir/build
make[4]: Entering directory '/home/pdell/dev/viz3d/glog/src/glog-build/CMakeFiles/CMakeTmp'
Building CXX object CMakeFiles/cmTC_b1d28.dir/src.cxx.o
/usr/bin/c++ -DHAVE___DECLSPEC   -o CMakeFiles/cmTC_b1d28.dir/src.cxx.o -c /home/pdell/dev/viz3d/glog/src/glog-build/CMakeFiles/CMakeTmp/src.cxx
/home/pdell/dev/viz3d/glog/src/glog-build/CMakeFiles/CMakeTmp/src.cxx:2:11: error: expected constructor, destructor, or type conversion before ‘(’ token
    2 | __declspec(selectany) int a;
      |           ^
CMakeFiles/cmTC_b1d28.dir/build.make:77: recipe for target 'CMakeFiles/cmTC_b1d28.dir/src.cxx.o' failed
make[4]: *** [CMakeFiles/cmTC_b1d28.dir/src.cxx.o] Error 1
make[4]: Leaving directory '/home/pdell/dev/viz3d/glog/src/glog-build/CMakeFiles/CMakeTmp'
Makefile:127: recipe for target 'cmTC_b1d28/fast' failed
make[3]: *** [cmTC_b1d28/fast] Error 2
make[3]: Leaving directory '/home/pdell/dev/viz3d/glog/src/glog-build/CMakeFiles/CMakeTmp'


Source file was:

__declspec(selectany) int a;
int main(void) { return 0; }

Performing C++ SOURCE FILE Test STL_NO_NAMESPACE failed with the following output:
Change Dir: /home/pdell/dev/viz3d/glog/src/glog-build/CMakeFiles/CMakeTmp

Run Build Command(s):/usr/bin/make -f Makefile cmTC_17acf/fast && make[3]: Entering directory '/home/pdell/dev/viz3d/glog/src/glog-build/CMakeFiles/CMakeTmp'
/usr/bin/make  -f CMakeFiles/cmTC_17acf.dir/build.make CMakeFiles/cmTC_17acf.dir/build
make[4]: Entering directory '/home/pdell/dev/viz3d/glog/src/glog-build/CMakeFiles/CMakeTmp'
Building CXX object CMakeFiles/cmTC_17acf.dir/src.cxx.o
/usr/bin/c++ -DSTL_NO_NAMESPACE   -o CMakeFiles/cmTC_17acf.dir/src.cxx.o -c /home/pdell/dev/viz3d/glog/src/glog-build/CMakeFiles/CMakeTmp/src.cxx
/home/pdell/dev/viz3d/glog/src/glog-build/CMakeFiles/CMakeTmp/src.cxx:3:1: error: ‘vector’ does not name a type
    3 | vector<int> t; int main() { }
      | ^~~~~~
CMakeFiles/cmTC_17acf.dir/build.make:77: recipe for target 'CMakeFiles/cmTC_17acf.dir/src.cxx.o' failed
make[4]: *** [CMakeFiles/cmTC_17acf.dir/src.cxx.o] Error 1
make[4]: Leaving directory '/home/pdell/dev/viz3d/glog/src/glog-build/CMakeFiles/CMakeTmp'
Makefile:127: recipe for target 'cmTC_17acf/fast' failed
make[3]: *** [cmTC_17acf/fast] Error 2
make[3]: Leaving directory '/home/pdell/dev/viz3d/glog/src/glog-build/CMakeFiles/CMakeTmp'


Source file was:

#include <vector>
vector<int> t; int main() { }

Performing C++ SOURCE FILE Test HAVE_MSVC_TLS failed with the following output:
Change Dir: /home/pdell/dev/viz3d/glog/src/glog-build/CMakeFiles/CMakeTmp

Run Build Command(s):/usr/bin/make -f Makefile cmTC_b89e4/fast && make[3]: Entering directory '/home/pdell/dev/viz3d/glog/src/glog-build/CMakeFiles/CMakeTmp'
/usr/bin/make  -f CMakeFiles/cmTC_b89e4.dir/build.make CMakeFiles/cmTC_b89e4.dir/build
make[4]: Entering directory '/home/pdell/dev/viz3d/glog/src/glog-build/CMakeFiles/CMakeTmp'
Building CXX object CMakeFiles/cmTC_b89e4.dir/src.cxx.o
/usr/bin/c++ -DHAVE_MSVC_TLS   -o CMakeFiles/cmTC_b89e4.dir/src.cxx.o -c /home/pdell/dev/viz3d/glog/src/glog-build/CMakeFiles/CMakeTmp/src.cxx
/home/pdell/dev/viz3d/glog/src/glog-build/CMakeFiles/CMakeTmp/src.cxx:2:11: error: expected constructor, destructor, or type conversion before ‘(’ token
    2 | __declspec(thread) int tls;
      |           ^
CMakeFiles/cmTC_b89e4.dir/build.make:77: recipe for target 'CMakeFiles/cmTC_b89e4.dir/src.cxx.o' failed
make[4]: *** [CMakeFiles/cmTC_b89e4.dir/src.cxx.o] Error 1
make[4]: Leaving directory '/home/pdell/dev/viz3d/glog/src/glog-build/CMakeFiles/CMakeTmp'
Makefile:127: recipe for target 'cmTC_b89e4/fast' failed
make[3]: *** [cmTC_b89e4/fast] Error 2
make[3]: Leaving directory '/home/pdell/dev/viz3d/glog/src/glog-build/CMakeFiles/CMakeTmp'


Source file was:

__declspec(thread) int tls;
int main() { }

